[LOG] System::create                           : Header version = 2.00.10. Current version = 2.00.10.
[LOG] Manager::init                            : maxchannels = 256 studioflags = 00000006 flags 00000000 extradriverdata 0000000000000000.
[LOG] SystemI::init                            : Initialize version=20010 (110198), maxchannels=256, flags=0x00020000
[LOG] SystemI::setOutputInternal               : Setting output to 'FMOD WASAPI Output'
[LOG] OutputWASAPI::init                       : Mix Format (WAVEFORMATEX): wFormatTag=0xFFFE, nChannels=8, nSamplesPerSec=48000, nAvgBytesPerSec=1536000, nBlockAlign=32, wBitsPerSample=32, cbSize=22.
[LOG] OutputWASAPI::init                       : Mix Format (WAVEFORMATEXTENSIBLE): wValidBitsPerSample=32, dwChannelMask=0x0000063F, SubFormat=00000003-0000-0010-8000-00AA00389B71.
[LOG] OutputWASAPI::init                       : Output buffer size: 4096 samples, latency: 0.00ms, period: 10.00ms, DSP buffer: 1024 * 4
[LOG] DownMix::init                            : dspbuffersize: 1024  rate: 48000. output speaker mode: 7, input speaker mode 3
[LOG] DownMix::init                            : done.
[LOG] Thread::initThread                       : Init FMOD stream thread. Priority: 2, Stack Size: 98304, Semaphore: No, Sleep Time: 10, Looping: Yes.
[LOG] Thread::initThread                       : Init FMOD mixer thread. Priority: 3, Stack Size: 81920, Semaphore: No, Sleep Time: 0, Looping: Yes.
[LOG] AsyncManager::init                       : manager 0000026F9C847BC8 isAsync 0 updatePeriod 0.02
[LOG] AsyncManager::init                       : done
[LOG] PlaybackSystem::init                     : 
[LOG] Thread::initThread                       : Init FMOD Studio sample load thread. Priority: 0, Stack Size: 98304, Semaphore: No, Sleep Time: 1, Looping: No.
[LOG] PlaybackSystem::init                     : done
[LOG] Thread::initThread                       : Init FMOD Studio bank load thread. Priority: 0, Stack Size: 98304, Semaphore: No, Sleep Time: 1, Looping: No.
[LOG] Manager::init                            : done.
[LOG] Manager::readBank                        : fileversion = 125, compatVersion = 119 (oldest = 44, newest = 125)
[LOG] SystemI::createSoundInternal             : Create name='', mode=0x02000202
[LOG] SystemI::createSoundInternal             : exinfo->cbsize             = 224
[LOG] SystemI::createSoundInternal             : exinfo->length             = 204640
[LOG] SystemI::createSoundInternal             : exinfo->fileoffset         = 34784
[LOG] SystemI::createSoundInternal             : exinfo->numsubsounds       = 1
[LOG] SystemI::createSoundInternal             : exinfo->inclusionlist      = 000000CE746EEEAC
[LOG] SystemI::createSoundInternal             : exinfo->inclusionlistnum   = 1
[LOG] SystemI::createSoundInternal             : exinfo->suggestedsoundtype = 5
[LOG] SystemI::createSoundInternal             : exinfo->useropen           = 00007FFD3742C2D0
[LOG] SystemI::createSoundInternal             : exinfo->userclose          = 00007FFD3742C2A0
[LOG] SystemI::createSoundInternal             : exinfo->userread           = 00007FFD3742C3A0
[LOG] SystemI::createSoundInternal             : exinfo->userseek           = 00007FFD3742C460
[LOG] SystemI::createSoundInternal             : exinfo->fileuserdata       = 0000026EC59A8FA8
[LOG] SystemI::createSoundInternal             : exinfo->initialseekpostype = 1
[LOG] SystemI::DSPCodecPoolRegister            : register codec pool for pool type 5
[LOG] SystemI::createSoundInternal             : Sample 0/1: name='UI-Select', format=2, channels=2, frequency=48000, lengthbytes=832, lengthpcm=4990, pcmblocksize=0, loopstart=0, loopend=0, mode=0x00000000, channelmask=0x00000000, channelorder=0, peakvolume=0.340980.
[LOG] Manager::readBank                        : fileversion = 125, compatVersion = 119 (oldest = 44, newest = 125)
[LOG] SystemI::createSoundInternal             : Create name='', mode=0x02000202
[LOG] SystemI::createSoundInternal             : exinfo->cbsize             = 224
[LOG] SystemI::createSoundInternal             : exinfo->length             = 204640
[LOG] SystemI::createSoundInternal             : exinfo->fileoffset         = 34784
[LOG] SystemI::createSoundInternal             : exinfo->numsubsounds       = 1
[LOG] SystemI::createSoundInternal             : exinfo->inclusionlist      = 000000CE746EEEAC
[LOG] SystemI::createSoundInternal             : exinfo->inclusionlistnum   = 1
[LOG] SystemI::createSoundInternal             : exinfo->suggestedsoundtype = 5
[LOG] SystemI::createSoundInternal             : exinfo->useropen           = 00007FFD3742C2D0
[LOG] SystemI::createSoundInternal             : exinfo->userclose          = 00007FFD3742C2A0
[LOG] SystemI::createSoundInternal             : exinfo->userread           = 00007FFD3742C3A0
[LOG] SystemI::createSoundInternal             : exinfo->userseek           = 00007FFD3742C460
[LOG] SystemI::createSoundInternal             : exinfo->fileuserdata       = 0000026EC59AAC88
[LOG] SystemI::createSoundInternal             : exinfo->initialseekpostype = 1
[LOG] SystemI::DSPCodecPoolRegister            : register codec pool for pool type 5
[LOG] SystemI::createSoundInternal             : Sample 0/1: name='UI-Start', format=2, channels=2, frequency=48000, lengthbytes=1504, lengthpcm=8624, pcmblocksize=0, loopstart=0, loopend=0, mode=0x00000000, channelmask=0x00000000, channelorder=0, peakvolume=0.635404.
[LOG] Manager::readBank                        : fileversion = 125, compatVersion = 119 (oldest = 44, newest = 125)
[LOG] SoundI::release                          : MX_Title_Vigorus (0000026F303CB188)
[LOG] SoundI::release                          :     MX_Title_Vigorus (0000026F1B0293A8)
[LOG] SoundI::release                          :     MX_Title_Vigorus (0000026F303CC778)
[LOG] Manager::readBank                        : fileversion = 125, compatVersion = 119 (oldest = 44, newest = 125)
[LOG] Manager::readBank                        : fileversion = 125, compatVersion = 119 (oldest = 44, newest = 125)
[LOG] Manager::readBank                        : fileversion = 125, compatVersion = 119 (oldest = 44, newest = 125)
[LOG] PlaybackSystem::acquireMasterBus         : Setting master channel group format to 6
[LOG] Manager::readBank                        : fileversion = 125, compatVersion = 119 (oldest = 44, newest = 125)
[LOG] Manager::readBank                        : fileversion = 125, compatVersion = 119 (oldest = 44, newest = 125)
[LOG] SystemI::createSoundInternal             : Create name='', mode=0x02000202
[LOG] SystemI::createSoundInternal             : exinfo->cbsize             = 224
[LOG] SystemI::createSoundInternal             : exinfo->length             = 204640
[LOG] SystemI::createSoundInternal             : exinfo->fileoffset         = 34784
[LOG] SystemI::createSoundInternal             : exinfo->numsubsounds       = 1
[LOG] SystemI::createSoundInternal             : exinfo->inclusionlist      = 000000CE746EEEAC
[LOG] SystemI::createSoundInternal             : exinfo->inclusionlistnum   = 1
[LOG] SystemI::createSoundInternal             : exinfo->suggestedsoundtype = 5
[LOG] SystemI::createSoundInternal             : exinfo->useropen           = 00007FFD3742C2D0
[LOG] SystemI::createSoundInternal             : exinfo->userclose          = 00007FFD3742C2A0
[LOG] SystemI::createSoundInternal             : exinfo->userread           = 00007FFD3742C3A0
[LOG] SystemI::createSoundInternal             : exinfo->userseek           = 00007FFD3742C460
[LOG] SystemI::createSoundInternal             : exinfo->fileuserdata       = 0000026EC59A8B88
[LOG] SystemI::createSoundInternal             : exinfo->initialseekpostype = 1
[LOG] SystemI::DSPCodecPoolRegister            : register codec pool for pool type 5
[LOG] SystemI::createSoundInternal             : Sample 0/1: name='UI-Cancel', format=2, channels=2, frequency=48000, lengthbytes=1440, lengthpcm=9110, pcmblocksize=0, loopstart=0, loopend=0, mode=0x00000000, channelmask=0x00000000, channelorder=0, peakvolume=0.659913.
[LOG] SystemI::createSound                     : filename = Assets\FmodSoundSystem\Build\Desktop/Music.bank : mode 02010082
[LOG] SystemI::createSound                     : FMOD_NONBLOCKING specified.  Putting into queue to be opened asynchronously!
[LOG] SystemI::createSound                     : setdata soundi = 0000026F9C977778 : node = 0000026F09CAED70
[LOG] SystemI::createSound                     : add node to async list : head = 0000026F2FFA4558.  list count = 0
[LOG] SystemI::createSound                     : filename = Assets\FmodSoundSystem\Build\Desktop/Music.bank : mode 02010082
[LOG] SystemI::createSound                     : FMOD_NONBLOCKING specified.  Putting into queue to be opened asynchronously!
[LOG] SystemI::createSound                     : setdata soundi = 0000026F9C976F08 : node = 0000026F09CB0030
[LOG] AsyncThread::threadFunc                  : Starting Asynchronous operation on sound 0000026F9C977778
[LOG] SystemI::createSoundInternal             :     Create name='Assets\FmodSoundSystem\Build\Desktop/Music.bank', mode=0x02010082
[LOG] SystemI::createSound                     : add node to async list : head = 0000026F2FFA4558.  list count = 0
[LOG] SystemI::createSoundInternal             :     exinfo->cbsize             = 224
[LOG] SystemI::createSoundInternal             :     exinfo->length             = 53196544
[LOG] SystemI::createSoundInternal             :     exinfo->fileoffset         = 50464
[LOG] SystemI::createSoundInternal             :     exinfo->numsubsounds       = 1
[LOG] SystemI::createSoundInternal             :     exinfo->inclusionlist      = 0000026F09CAEE80
[LOG] SystemI::createSoundInternal             :     exinfo->inclusionlistnum   = 1
[LOG] SystemI::createSoundInternal             :     exinfo->suggestedsoundtype = 5
[LOG] SystemI::createSoundInternal             :     exinfo->initialseekpostype = 1
[LOG] SystemI::createSoundInternal             :     Stream 0/1: name='MX_LV1_Boss1_Pain_of_Grief', format=2, channels=2, frequency=48000, lengthbytes=1723808, lengthpcm=6144000, pcmblocksize=0, loopstart=0, loopend=0, mode=0x00000000, channelmask=0x00000000, channelorder=0, peakvolume=0.893036.
[LOG] AsyncThread::threadFunc                  : Finished Asynchronous operation on sound 0000026F9C977778
[LOG] AsyncThread::threadFunc                  : Starting Asynchronous operation on sound 0000026F9C976F08
[LOG] SystemI::createSoundInternal             :     Create name='Assets\FmodSoundSystem\Build\Desktop/Music.bank', mode=0x02010082
[LOG] SystemI::createSoundInternal             :     exinfo->cbsize             = 224
[LOG] SystemI::createSoundInternal             :     exinfo->length             = 53196544
[LOG] SystemI::createSoundInternal             :     exinfo->fileoffset         = 50464
[LOG] SystemI::createSoundInternal             :     exinfo->numsubsounds       = 1
[LOG] SystemI::createSoundInternal             :     exinfo->inclusionlist      = 0000026F09CB0140
[LOG] SystemI::createSoundInternal             :     exinfo->inclusionlistnum   = 1
[LOG] SystemI::createSoundInternal             :     exinfo->suggestedsoundtype = 5
[LOG] SystemI::createSoundInternal             :     exinfo->initialseekpostype = 1
[LOG] SystemI::createSoundInternal             :     Stream 0/1: name='MX_LV1_Boss1_Pain_of_Grief', format=2, channels=2, frequency=48000, lengthbytes=1723808, lengthpcm=6144000, pcmblocksize=0, loopstart=0, loopend=0, mode=0x00000000, channelmask=0x00000000, channelorder=0, peakvolume=0.893036.
[LOG] AsyncThread::threadFunc                  : Finished Asynchronous operation on sound 0000026F9C976F08
[LOG] SoundI::release                          : MX_LV1_Boss1_Pain_of_Grief (0000026F9C977778)
[LOG] SoundI::release                          :     MX_LV1_Boss1_Pain_of_Grief (0000026F1B029208)
[LOG] SoundI::release                          :     MX_LV1_Boss1_Pain_of_Grief (0000026F9C976698)
[LOG] SoundI::getSubSound                      : sound 0000026F9C976F08.  Subsound index 0 / 1
[LOG] SystemI::createSoundInternal             : Create name='', mode=0x02000202
[LOG] SystemI::createSoundInternal             : exinfo->cbsize             = 224
[LOG] SystemI::createSoundInternal             : exinfo->length             = 204640
[LOG] SystemI::createSoundInternal             : exinfo->fileoffset         = 34784
[LOG] SystemI::createSoundInternal             : exinfo->numsubsounds       = 1
[LOG] SystemI::createSoundInternal             : exinfo->inclusionlist      = 000000CE746EEEAC
[LOG] SystemI::createSoundInternal             : exinfo->inclusionlistnum   = 1
[LOG] SystemI::createSoundInternal             : exinfo->suggestedsoundtype = 5
[LOG] SystemI::createSoundInternal             : exinfo->useropen           = 00007FFD3742C2D0
[LOG] SystemI::createSoundInternal             : exinfo->userclose          = 00007FFD3742C2A0
[LOG] SystemI::createSoundInternal             : exinfo->userread           = 00007FFD3742C3A0
[LOG] SystemI::createSoundInternal             : exinfo->userseek           = 00007FFD3742C460
[LOG] SystemI::createSoundInternal             : exinfo->fileuserdata       = 0000026EC59A93C8
[LOG] SystemI::createSoundInternal             : exinfo->initialseekpostype = 1
[LOG] SystemI::DSPCodecPoolRegister            : register codec pool for pool type 5
[LOG] SystemI::createSoundInternal             : Sample 0/1: name='FX-Footstep1', format=2, channels=2, frequency=48000, lengthbytes=3712, lengthpcm=16792, pcmblocksize=0, loopstart=0, loopend=0, mode=0x00000000, channelmask=0x00000000, channelorder=0, peakvolume=0.372667.
[LOG] SystemI::createSoundInternal             : Create name='', mode=0x02000202
[LOG] SystemI::createSoundInternal             : exinfo->cbsize             = 224
[LOG] SystemI::createSoundInternal             : exinfo->length             = 204640
[LOG] SystemI::createSoundInternal             : exinfo->fileoffset         = 34784
[LOG] SystemI::createSoundInternal             : exinfo->numsubsounds       = 1
[LOG] SystemI::createSoundInternal             : exinfo->inclusionlist      = 000000CE746EEEAC
[LOG] SystemI::createSoundInternal             : exinfo->inclusionlistnum   = 1
[LOG] SystemI::createSoundInternal             : exinfo->suggestedsoundtype = 5
[LOG] SystemI::createSoundInternal             : exinfo->useropen           = 00007FFD3742C2D0
[LOG] SystemI::createSoundInternal             : exinfo->userclose          = 00007FFD3742C2A0
[LOG] SystemI::createSoundInternal             : exinfo->userread           = 00007FFD3742C3A0
[LOG] SystemI::createSoundInternal             : exinfo->userseek           = 00007FFD3742C460
[LOG] SystemI::createSoundInternal             : exinfo->fileuserdata       = 0000026EC59A93C8
[LOG] SystemI::createSoundInternal             : exinfo->initialseekpostype = 1
[LOG] SystemI::DSPCodecPoolRegister            : register codec pool for pool type 5
[LOG] SystemI::createSoundInternal             : Sample 0/1: name='FX-Footstep2', format=2, channels=2, frequency=48000, lengthbytes=3744, lengthpcm=16469, pcmblocksize=0, loopstart=0, loopend=0, mode=0x00000000, channelmask=0x00000000, channelorder=0, peakvolume=0.356055.
[LOG] SystemI::createSoundInternal             : Create name='', mode=0x02000202
[LOG] SystemI::createSoundInternal             : exinfo->cbsize             = 224
[LOG] SystemI::createSoundInternal             : exinfo->length             = 204640
[LOG] SystemI::createSoundInternal             : exinfo->fileoffset         = 34784
[LOG] SystemI::createSoundInternal             : exinfo->numsubsounds       = 1
[LOG] SystemI::createSoundInternal             : exinfo->inclusionlist      = 000000CE746EEEAC
[LOG] SystemI::createSoundInternal             : exinfo->inclusionlistnum   = 1
[LOG] SystemI::createSoundInternal             : exinfo->suggestedsoundtype = 5
[LOG] SystemI::createSoundInternal             : exinfo->useropen           = 00007FFD3742C2D0
[LOG] SystemI::createSoundInternal             : exinfo->userclose          = 00007FFD3742C2A0
[LOG] SystemI::createSoundInternal             : exinfo->userread           = 00007FFD3742C3A0
[LOG] SystemI::createSoundInternal             : exinfo->userseek           = 00007FFD3742C460
[LOG] SystemI::createSoundInternal             : exinfo->fileuserdata       = 0000026EC59A93C8
[LOG] SystemI::createSoundInternal             : exinfo->initialseekpostype = 1
[LOG] SystemI::DSPCodecPoolRegister            : register codec pool for pool type 5
[LOG] SystemI::createSoundInternal             : Sample 0/1: name='FX-Footstep3', format=2, channels=2, frequency=48000, lengthbytes=4896, lengthpcm=21078, pcmblocksize=0, loopstart=0, loopend=0, mode=0x00000000, channelmask=0x00000000, channelorder=0, peakvolume=0.648734.
[LOG] SystemI::createSoundInternal             : Create name='', mode=0x02000202
[LOG] SystemI::createSoundInternal             : exinfo->cbsize             = 224
[LOG] SystemI::createSoundInternal             : exinfo->length             = 204640
[LOG] SystemI::createSoundInternal             : exinfo->fileoffset         = 34784
[LOG] SystemI::createSoundInternal             : exinfo->numsubsounds       = 1
[LOG] SystemI::createSoundInternal             : exinfo->inclusionlist      = 000000CE746EEEAC
[LOG] SystemI::createSoundInternal             : exinfo->inclusionlistnum   = 1
[LOG] SystemI::createSoundInternal             : exinfo->suggestedsoundtype = 5
[LOG] SystemI::createSoundInternal             : exinfo->useropen           = 00007FFD3742C2D0
[LOG] SystemI::createSoundInternal             : exinfo->userclose          = 00007FFD3742C2A0
[LOG] SystemI::createSoundInternal             : exinfo->userread           = 00007FFD3742C3A0
[LOG] SystemI::createSoundInternal             : exinfo->userseek           = 00007FFD3742C460
[LOG] SystemI::createSoundInternal             : exinfo->fileuserdata       = 0000026EC59AB0A8
[LOG] SystemI::createSoundInternal             : exinfo->initialseekpostype = 1
[LOG] SystemI::DSPCodecPoolRegister            : register codec pool for pool type 5
[LOG] SystemI::createSoundInternal             : Sample 0/1: name='FX-Dash', format=2, channels=2, frequency=48000, lengthbytes=3328, lengthpcm=12618, pcmblocksize=0, loopstart=0, loopend=0, mode=0x00000000, channelmask=0x00000000, channelorder=0, peakvolume=0.874634.
[LOG] SystemI::createSoundInternal             : Create name='', mode=0x02000202
[LOG] SystemI::createSoundInternal             : exinfo->cbsize             = 224
[LOG] SystemI::createSoundInternal             : exinfo->length             = 204640
[LOG] SystemI::createSoundInternal             : exinfo->fileoffset         = 34784
[LOG] SystemI::createSoundInternal             : exinfo->numsubsounds       = 1
[LOG] SystemI::createSoundInternal             : exinfo->inclusionlist      = 000000CE746EEEAC
[LOG] SystemI::createSoundInternal             : exinfo->inclusionlistnum   = 1
[LOG] SystemI::createSoundInternal             : exinfo->suggestedsoundtype = 5
[LOG] SystemI::createSoundInternal             : exinfo->useropen           = 00007FFD3742C2D0
[LOG] SystemI::createSoundInternal             : exinfo->userclose          = 00007FFD3742C2A0
[LOG] SystemI::createSoundInternal             : exinfo->userread           = 00007FFD3742C3A0
[LOG] SystemI::createSoundInternal             : exinfo->userseek           = 00007FFD3742C460
[LOG] SystemI::createSoundInternal             : exinfo->fileuserdata       = 0000026EC59A93C8
[LOG] SystemI::createSoundInternal             : exinfo->initialseekpostype = 1
[LOG] SystemI::DSPCodecPoolRegister            : register codec pool for pool type 5
[LOG] SystemI::createSoundInternal             : Sample 0/1: name='FX-Shield', format=2, channels=2, frequency=48000, lengthbytes=1984, lengthpcm=6974, pcmblocksize=0, loopstart=0, loopend=0, mode=0x00000000, channelmask=0x00000000, channelorder=0, peakvolume=0.774774.
[LOG] SystemI::createSoundInternal             : Create name='', mode=0x02000202
[LOG] SystemI::createSoundInternal             : exinfo->cbsize             = 224
[LOG] SystemI::createSoundInternal             : exinfo->length             = 204640
[LOG] SystemI::createSoundInternal             : exinfo->fileoffset         = 34784
[LOG] SystemI::createSoundInternal             : exinfo->numsubsounds       = 1
[LOG] SystemI::createSoundInternal             : exinfo->inclusionlist      = 000000CE746EEEAC
[LOG] SystemI::createSoundInternal             : exinfo->inclusionlistnum   = 1
[LOG] SystemI::createSoundInternal             : exinfo->suggestedsoundtype = 5
[LOG] SystemI::createSoundInternal             : exinfo->useropen           = 00007FFD3742C2D0
[LOG] SystemI::createSoundInternal             : exinfo->userclose          = 00007FFD3742C2A0
[LOG] SystemI::createSoundInternal             : exinfo->userread           = 00007FFD3742C3A0
[LOG] SystemI::createSoundInternal             : exinfo->userseek           = 00007FFD3742C460
[LOG] SystemI::createSoundInternal             : exinfo->fileuserdata       = 0000026EC59AC338
[LOG] SystemI::createSoundInternal             : exinfo->initialseekpostype = 1
[LOG] SystemI::DSPCodecPoolRegister            : register codec pool for pool type 5
[LOG] SystemI::createSoundInternal             : Sample 0/1: name='FX-ShieldImpact', format=2, channels=2, frequency=48000, lengthbytes=2112, lengthpcm=5581, pcmblocksize=0, loopstart=0, loopend=0, mode=0x00000000, channelmask=0x00000000, channelorder=0, peakvolume=0.871505.
[LOG] SystemI::createSoundInternal             : Create name='', mode=0x02000202
[LOG] SystemI::createSoundInternal             : exinfo->cbsize             = 224
[LOG] SystemI::createSoundInternal             : exinfo->length             = 204640
[LOG] SystemI::createSoundInternal             : exinfo->fileoffset         = 34784
[LOG] SystemI::createSoundInternal             : exinfo->numsubsounds       = 1
[LOG] SystemI::createSoundInternal             : exinfo->inclusionlist      = 000000CE746EEEAC
[LOG] SystemI::createSoundInternal             : exinfo->inclusionlistnum   = 1
[LOG] SystemI::createSoundInternal             : exinfo->suggestedsoundtype = 5
[LOG] SystemI::createSoundInternal             : exinfo->useropen           = 00007FFD3742C2D0
[LOG] SystemI::createSoundInternal             : exinfo->userclose          = 00007FFD3742C2A0
[LOG] SystemI::createSoundInternal             : exinfo->userread           = 00007FFD3742C3A0
[LOG] SystemI::createSoundInternal             : exinfo->userseek           = 00007FFD3742C460
[LOG] SystemI::createSoundInternal             : exinfo->fileuserdata       = 0000026EC59AA238
[LOG] SystemI::createSoundInternal             : exinfo->initialseekpostype = 1
[LOG] SystemI::DSPCodecPoolRegister            : register codec pool for pool type 5
[LOG] SystemI::createSoundInternal             : Sample 0/1: name='FX-BossStabPart1', format=2, channels=2, frequency=48000, lengthbytes=7104, lengthpcm=24195, pcmblocksize=0, loopstart=0, loopend=0, mode=0x00000000, channelmask=0x00000000, channelorder=0, peakvolume=0.255816.
[LOG] SystemI::createSoundInternal             : Create name='', mode=0x02000202
[LOG] SystemI::createSoundInternal             : exinfo->cbsize             = 224
[LOG] SystemI::createSoundInternal             : exinfo->length             = 204640
[LOG] SystemI::createSoundInternal             : exinfo->fileoffset         = 34784
[LOG] SystemI::createSoundInternal             : exinfo->numsubsounds       = 1
[LOG] SystemI::createSoundInternal             : exinfo->inclusionlist      = 000000CE746EEEAC
[LOG] SystemI::createSoundInternal             : exinfo->inclusionlistnum   = 1
[LOG] SystemI::createSoundInternal             : exinfo->suggestedsoundtype = 5
[LOG] SystemI::createSoundInternal             : exinfo->useropen           = 00007FFD3742C2D0
[LOG] SystemI::createSoundInternal             : exinfo->userclose          = 00007FFD3742C2A0
[LOG] SystemI::createSoundInternal             : exinfo->userread           = 00007FFD3742C3A0
[LOG] SystemI::createSoundInternal             : exinfo->userseek           = 00007FFD3742C460
[LOG] SystemI::createSoundInternal             : exinfo->fileuserdata       = 0000026EC59AAC88
[LOG] SystemI::createSoundInternal             : exinfo->initialseekpostype = 1
[LOG] SystemI::DSPCodecPoolRegister            : register codec pool for pool type 5
[LOG] SystemI::createSoundInternal             : Sample 0/1: name='FX-BossStabPart2', format=2, channels=2, frequency=48000, lengthbytes=4416, lengthpcm=22439, pcmblocksize=0, loopstart=0, loopend=0, mode=0x00000000, channelmask=0x00000000, channelorder=0, peakvolume=0.144900.
[LOG] SystemI::createSoundInternal             : Create name='', mode=0x02000202
[LOG] SystemI::createSoundInternal             : exinfo->cbsize             = 224
[LOG] SystemI::createSoundInternal             : exinfo->length             = 204640
[LOG] SystemI::createSoundInternal             : exinfo->fileoffset         = 34784
[LOG] SystemI::createSoundInternal             : exinfo->numsubsounds       = 1
[LOG] SystemI::createSoundInternal             : exinfo->inclusionlist      = 000000CE746EEEAC
[LOG] SystemI::createSoundInternal             : exinfo->inclusionlistnum   = 1
[LOG] SystemI::createSoundInternal             : exinfo->suggestedsoundtype = 5
[LOG] SystemI::createSoundInternal             : exinfo->useropen           = 00007FFD3742C2D0
[LOG] SystemI::createSoundInternal             : exinfo->userclose          = 00007FFD3742C2A0
[LOG] SystemI::createSoundInternal             : exinfo->userread           = 00007FFD3742C3A0
[LOG] SystemI::createSoundInternal             : exinfo->userseek           = 00007FFD3742C460
[LOG] SystemI::createSoundInternal             : exinfo->fileuserdata       = 0000026EC59AB4C8
[LOG] SystemI::createSoundInternal             : exinfo->initialseekpostype = 1
[LOG] SystemI::DSPCodecPoolRegister            : register codec pool for pool type 5
[LOG] SystemI::createSoundInternal             : Sample 0/1: name='FX-Damaged', format=2, channels=2, frequency=48000, lengthbytes=2752, lengthpcm=9483, pcmblocksize=0, loopstart=0, loopend=0, mode=0x00000000, channelmask=0x00000000, channelorder=0, peakvolume=0.895431.
[LOG] SystemI::createSoundInternal             : Create name='', mode=0x02000202
[LOG] SystemI::createSoundInternal             : exinfo->cbsize             = 224
[LOG] SystemI::createSoundInternal             : exinfo->length             = 204640
[LOG] SystemI::createSoundInternal             : exinfo->fileoffset         = 34784
[LOG] SystemI::createSoundInternal             : exinfo->numsubsounds       = 1
[LOG] SystemI::createSoundInternal             : exinfo->inclusionlist      = 000000CE746EEEAC
[LOG] SystemI::createSoundInternal             : exinfo->inclusionlistnum   = 1
[LOG] SystemI::createSoundInternal             : exinfo->suggestedsoundtype = 5
[LOG] SystemI::createSoundInternal             : exinfo->useropen           = 00007FFD3742C2D0
[LOG] SystemI::createSoundInternal             : exinfo->userclose          = 00007FFD3742C2A0
[LOG] SystemI::createSoundInternal             : exinfo->userread           = 00007FFD3742C3A0
[LOG] SystemI::createSoundInternal             : exinfo->userseek           = 00007FFD3742C460
[LOG] SystemI::createSoundInternal             : exinfo->fileuserdata       = 0000026EC59AB4C8
[LOG] SystemI::createSoundInternal             : exinfo->initialseekpostype = 1
[LOG] SystemI::DSPCodecPoolRegister            : register codec pool for pool type 5
[LOG] SystemI::createSoundInternal             : Sample 0/1: name='FX-BossBulletCharge', format=2, channels=2, frequency=48000, lengthbytes=24000, lengthpcm=120000, pcmblocksize=0, loopstart=0, loopend=0, mode=0x00000000, channelmask=0x00000000, channelorder=0, peakvolume=0.279269.
[LOG] SystemI::createSoundInternal             : Create name='', mode=0x02000202
[LOG] SystemI::createSoundInternal             : exinfo->cbsize             = 224
[LOG] SystemI::createSoundInternal             : exinfo->length             = 204640
[LOG] SystemI::createSoundInternal             : exinfo->fileoffset         = 34784
[LOG] SystemI::createSoundInternal             : exinfo->numsubsounds       = 1
[LOG] SystemI::createSoundInternal             : exinfo->inclusionlist      = 000000CE746EEEAC
[LOG] SystemI::createSoundInternal             : exinfo->inclusionlistnum   = 1
[LOG] SystemI::createSoundInternal             : exinfo->suggestedsoundtype = 5
[LOG] SystemI::createSoundInternal             : exinfo->useropen           = 00007FFD3742C2D0
[LOG] SystemI::createSoundInternal             : exinfo->userclose          = 00007FFD3742C2A0
[LOG] SystemI::createSoundInternal             : exinfo->userread           = 00007FFD3742C3A0
[LOG] SystemI::createSoundInternal             : exinfo->userseek           = 00007FFD3742C460
[LOG] SystemI::createSoundInternal             : exinfo->fileuserdata       = 0000026EC59AA238
[LOG] SystemI::createSoundInternal             : exinfo->initialseekpostype = 1
[LOG] SystemI::DSPCodecPoolRegister            : register codec pool for pool type 5
[LOG] SystemI::createSoundInternal             : Sample 0/1: name='FX-BossBulletShoot', format=2, channels=2, frequency=48000, lengthbytes=2432, lengthpcm=10731, pcmblocksize=0, loopstart=0, loopend=0, mode=0x00000000, channelmask=0x00000000, channelorder=0, peakvolume=0.553788.
[LOG] SoundI::release                          : MX_LV1_Boss1_Pain_of_Grief (0000026F9C976F08)
[LOG] SoundI::release                          :     MX_LV1_Boss1_Pain_of_Grief (0000026F1B029548)
[LOG] SoundI::release                          :     MX_LV1_Boss1_Pain_of_Grief (0000026F9C97B438)
[LOG] SystemI::createSound                     : filename = Assets\FmodSoundSystem\Build\Desktop/Music.bank : mode 02010082
[LOG] SystemI::createSound                     : FMOD_NONBLOCKING specified.  Putting into queue to be opened asynchronously!
[LOG] SystemI::createSound                     : setdata soundi = 0000026F9C97ABC8 : node = 0000026F9772D030
[LOG] SystemI::createSound                     : add node to async list : head = 0000026F2FFA4558.  list count = 0
[LOG] SystemI::createSound                     : filename = Assets\FmodSoundSystem\Build\Desktop/Music.bank : mode 02010082
[LOG] SystemI::createSound                     : FMOD_NONBLOCKING specified.  Putting into queue to be opened asynchronously!
[LOG] SystemI::createSound                     : setdata soundi = 0000026F9C97B438 : node = 0000026F9772DDF0
[LOG] SystemI::createSound                     : add node to async list : head = 0000026F2FFA4558.  list count = 0
[LOG] AsyncThread::threadFunc                  : Starting Asynchronous operation on sound 0000026F9C97ABC8
[LOG] SystemI::createSoundInternal             :     Create name='Assets\FmodSoundSystem\Build\Desktop/Music.bank', mode=0x02010082
[LOG] SystemI::createSoundInternal             :     exinfo->cbsize             = 224
[LOG] SystemI::createSoundInternal             :     exinfo->length             = 53196544
[LOG] SystemI::createSoundInternal             :     exinfo->fileoffset         = 50464
[LOG] SystemI::createSoundInternal             :     exinfo->numsubsounds       = 1
[LOG] SystemI::createSoundInternal             :     exinfo->inclusionlist      = 0000026F9772D140
[LOG] SystemI::createSoundInternal             :     exinfo->inclusionlistnum   = 1
[LOG] SystemI::createSoundInternal             :     exinfo->suggestedsoundtype = 5
[LOG] SystemI::createSoundInternal             :     exinfo->initialseekpostype = 1
[LOG] SystemI::createSoundInternal             :     Stream 0/1: name='MX_LV1_Boss2_Relief_of_Anger', format=2, channels=2, frequency=48000, lengthbytes=856832, lengthpcm=3072000, pcmblocksize=0, loopstart=0, loopend=0, mode=0x00000000, channelmask=0x00000000, channelorder=0, peakvolume=0.882813.
[LOG] AsyncThread::threadFunc                  : Finished Asynchronous operation on sound 0000026F9C97ABC8
[LOG] AsyncThread::threadFunc                  : Starting Asynchronous operation on sound 0000026F9C97B438
[LOG] SystemI::createSoundInternal             :     Create name='Assets\FmodSoundSystem\Build\Desktop/Music.bank', mode=0x02010082
[LOG] SystemI::createSoundInternal             :     exinfo->cbsize             = 224
[LOG] SystemI::createSoundInternal             :     exinfo->length             = 53196544
[LOG] SystemI::createSoundInternal             :     exinfo->fileoffset         = 50464
[LOG] SystemI::createSoundInternal             :     exinfo->numsubsounds       = 1
[LOG] SystemI::createSoundInternal             :     exinfo->inclusionlist      = 0000026F9772DF00
[LOG] SystemI::createSoundInternal             :     exinfo->inclusionlistnum   = 1
[LOG] SystemI::createSoundInternal             :     exinfo->suggestedsoundtype = 5
[LOG] SystemI::createSoundInternal             :     exinfo->initialseekpostype = 1
[LOG] SystemI::createSoundInternal             :     Stream 0/1: name='MX_LV1_Boss2_Relief_of_Anger', format=2, channels=2, frequency=48000, lengthbytes=856832, lengthpcm=3072000, pcmblocksize=0, loopstart=0, loopend=0, mode=0x00000000, channelmask=0x00000000, channelorder=0, peakvolume=0.882813.
[LOG] AsyncThread::threadFunc                  : Finished Asynchronous operation on sound 0000026F9C97B438
[LOG] SoundI::release                          : MX_LV1_Boss2_Relief_of_Anger (0000026F9C97ABC8)
[LOG] SoundI::release                          :     MX_LV1_Boss2_Relief_of_Anger (0000026F1B0293A8)
[LOG] SoundI::release                          :     MX_LV1_Boss2_Relief_of_Anger (0000026F9C976698)
[LOG] SoundI::getSubSound                      : sound 0000026F9C97B438.  Subsound index 0 / 1
[LOG] SystemI::createSoundInternal             : Create name='', mode=0x02000202
[LOG] SystemI::createSoundInternal             : exinfo->cbsize             = 224
[LOG] SystemI::createSoundInternal             : exinfo->length             = 204640
[LOG] SystemI::createSoundInternal             : exinfo->fileoffset         = 34784
[LOG] SystemI::createSoundInternal             : exinfo->numsubsounds       = 1
[LOG] SystemI::createSoundInternal             : exinfo->inclusionlist      = 000000CE746EEEAC
[LOG] SystemI::createSoundInternal             : exinfo->inclusionlistnum   = 1
[LOG] SystemI::createSoundInternal             : exinfo->suggestedsoundtype = 5
[LOG] SystemI::createSoundInternal             : exinfo->useropen           = 00007FFD3742C2D0
[LOG] SystemI::createSoundInternal             : exinfo->userclose          = 00007FFD3742C2A0
[LOG] SystemI::createSoundInternal             : exinfo->userread           = 00007FFD3742C3A0
[LOG] SystemI::createSoundInternal             : exinfo->userseek           = 00007FFD3742C460
[LOG] SystemI::createSoundInternal             : exinfo->fileuserdata       = 0000026F0B54E718
[LOG] SystemI::createSoundInternal             : exinfo->initialseekpostype = 1
[LOG] SystemI::DSPCodecPoolRegister            : register codec pool for pool type 5
[LOG] SystemI::createSoundInternal             : Sample 0/1: name='FX-MeleeAttack', format=2, channels=2, frequency=48000, lengthbytes=1792, lengthpcm=7353, pcmblocksize=0, loopstart=0, loopend=0, mode=0x00000000, channelmask=0x00000000, channelorder=0, peakvolume=0.897278.
[LOG] SystemI::createSoundInternal             : Create name='', mode=0x02000202
[LOG] SystemI::createSoundInternal             : exinfo->cbsize             = 224
[LOG] SystemI::createSoundInternal             : exinfo->length             = 204640
[LOG] SystemI::createSoundInternal             : exinfo->fileoffset         = 34784
[LOG] SystemI::createSoundInternal             : exinfo->numsubsounds       = 1
[LOG] SystemI::createSoundInternal             : exinfo->inclusionlist      = 000000CE746EEEAC
[LOG] SystemI::createSoundInternal             : exinfo->inclusionlistnum   = 1
[LOG] SystemI::createSoundInternal             : exinfo->suggestedsoundtype = 5
[LOG] SystemI::createSoundInternal             : exinfo->useropen           = 00007FFD3742C2D0
[LOG] SystemI::createSoundInternal             : exinfo->userclose          = 00007FFD3742C2A0
[LOG] SystemI::createSoundInternal             : exinfo->userread           = 00007FFD3742C3A0
[LOG] SystemI::createSoundInternal             : exinfo->userseek           = 00007FFD3742C460
[LOG] SystemI::createSoundInternal             : exinfo->fileuserdata       = 0000026F0B54E718
[LOG] SystemI::createSoundInternal             : exinfo->initialseekpostype = 1
[LOG] SystemI::DSPCodecPoolRegister            : register codec pool for pool type 5
[LOG] SystemI::createSoundInternal             : Sample 0/1: name='FX-MeleeImpact', format=2, channels=2, frequency=48000, lengthbytes=2688, lengthpcm=11431, pcmblocksize=0, loopstart=0, loopend=0, mode=0x00000000, channelmask=0x00000000, channelorder=0, peakvolume=0.598132.
[LOG] SystemI::createSoundInternal             : Create name='', mode=0x02000202
[LOG] SystemI::createSoundInternal             : exinfo->cbsize             = 224
[LOG] SystemI::createSoundInternal             : exinfo->length             = 204640
[LOG] SystemI::createSoundInternal             : exinfo->fileoffset         = 34784
[LOG] SystemI::createSoundInternal             : exinfo->numsubsounds       = 1
[LOG] SystemI::createSoundInternal             : exinfo->inclusionlist      = 000000CE746EEEAC
[LOG] SystemI::createSoundInternal             : exinfo->inclusionlistnum   = 1
[LOG] SystemI::createSoundInternal             : exinfo->suggestedsoundtype = 5
[LOG] SystemI::createSoundInternal             : exinfo->useropen           = 00007FFD3742C2D0
[LOG] SystemI::createSoundInternal             : exinfo->userclose          = 00007FFD3742C2A0
[LOG] SystemI::createSoundInternal             : exinfo->userread           = 00007FFD3742C3A0
[LOG] SystemI::createSoundInternal             : exinfo->userseek           = 00007FFD3742C460
[LOG] SystemI::createSoundInternal             : exinfo->fileuserdata       = 0000026F0B54E0E8
[LOG] SystemI::createSoundInternal             : exinfo->initialseekpostype = 1
[LOG] SystemI::DSPCodecPoolRegister            : register codec pool for pool type 5
[LOG] SystemI::createSoundInternal             : Sample 0/1: name='FX-EnemyBomb', format=2, channels=2, frequency=48000, lengthbytes=6592, lengthpcm=34101, pcmblocksize=0, loopstart=0, loopend=0, mode=0x00000000, channelmask=0x00000000, channelorder=0, peakvolume=1.000000.
[LOG] SoundI::release                          : MX_LV1_Boss2_Relief_of_Anger (0000026F9C97B438)
[LOG] SoundI::release                          :     MX_LV1_Boss2_Relief_of_Anger (0000026F1B029548)
[LOG] SoundI::release                          :     MX_LV1_Boss2_Relief_of_Anger (0000026F9C97AD78)
[LOG] SoundI::release                          :  (0000026F0F077A38)
[LOG] SoundI::release                          :     FX-EnemyBomb (0000026F0EFF1228)
[LOG] SoundI::release                          :  (0000026F0E53C688)
[LOG] SoundI::release                          :     UI-Select (0000026F0A185DD8)
[LOG] SoundI::release                          :  (0000026F0E53BB08)
[LOG] SoundI::release                          :     FX-Dash (0000026F0A187FF8)
[LOG] SoundI::release                          :  (0000026F0E53CDB8)
[LOG] SoundI::release                          :     FX-BossBulletCharge (0000026F0A187498)
[LOG] SoundI::release                          :  (0000026F0F0778C8)
[LOG] SoundI::release                          :     FX-MeleeImpact (0000026F0EFF13C8)
[LOG] SoundI::release                          :  (0000026F0E53C7F8)
[LOG] SoundI::release                          :     FX-Shield (0000026F0A1899F8)
[LOG] SoundI::release                          :  (0000026F0F0775E8)
[LOG] SoundI::release                          :     FX-MeleeAttack (0000026F0EFF1088)
[LOG] SoundI::release                          :  (0000026F0E53B998)
[LOG] SoundI::release                          :     FX-BossBulletShoot (0000026F0A189518)
[LOG] SoundI::release                          :  (0000026F0E53CC48)
[LOG] SoundI::release                          :     FX-BossStabPart2 (0000026F0A188338)
[LOG] SoundI::release                          :  (0000026F0E53B3D8)
[LOG] SoundI::release                          :     UI-Cancel (0000026F0A188678)
[LOG] SoundI::release                          :  (0000026F0E53B828)
[LOG] SoundI::release                          :     FX-BossStabPart1 (0000026F0A1891D8)
[LOG] SoundI::release                          :  (0000026F0E53CAD8)
[LOG] SoundI::release                          :     FX-ShieldImpact (0000026F0A188198)
[LOG] SoundI::release                          :  (0000026F0E53BF58)
[LOG] SoundI::release                          :     FX-Damaged (0000026F0A186118)
[LOG] SoundI::release                          :  (0000026F0E53CF28)
[LOG] SoundI::release                          :     UI-Start (0000026F0A189378)
[LOG] SoundI::release                          :  (0000026F0E53BDE8)
[LOG] SoundI::release                          :     FX-Footstep1 (0000026F0A189038)
[LOG] SoundI::release                          :  (0000026F0E53B548)
[LOG] SoundI::release                          :     FX-Footstep2 (0000026F0A185F78)
[LOG] SoundI::release                          :  (0000026F0E53B6B8)
[LOG] SoundI::release                          :     FX-Footstep3 (0000026F0A187638)
[LOG] Thread::callback                         : FMOD Studio update thread finished.
[LOG] Thread::callback                         : FMOD Studio bank load thread finished.
[LOG] Profile::disconnectAll                   : Profiler disconnecting all clients
[LOG] Thread::callback                         : FMOD Studio sample load thread finished.
[LOG] LiveUpdate::release                      : 
[LOG] LiveUpdate::reset                        : Reset connection (reason Disconnected)
[LOG] Thread::callback                         : FMOD stream thread finished.
[LOG] Thread::callback                         : FMOD mixer thread finished.
[LOG] Profile::disconnectAll                   : Profiler disconnecting all clients
[LOG] SystemI::close                           : Closed.
[LOG] Thread::callback                         : FMOD Studio bank load thread finished.
[LOG] Thread::callback                         : FMOD Studio sample load thread finished.
[LOG] LiveUpdate::release                      : 
[LOG] LiveUpdate::reset                        : Reset connection (reason Disconnected)
[LOG] Thread::callback                         : FMOD stream thread finished.
[LOG] Thread::callback                         : FMOD mixer thread finished.
[LOG] Thread::callback                         : FMOD nonblocking thread (0) finished.
[LOG] Thread::callback                         : FMOD file thread finished.
[LOG] SystemI::close                           : Closed.
